src/app/build/outputs/logs/manifest-merger-debug-report.txt
-- Merging decision tree log ---
manifest
ADDED from AndroidManifest.xml:2:1
	package
		ADDED from AndroidManifest.xml:5:5
		INJECTED from AndroidManifest.xml:0:0
		INJECTED from AndroidManifest.xml:0:0
	android:versionName
		ADDED from AndroidManifest.xml:3:5
		INJECTED from AndroidManifest.xml:0:0
		INJECTED from AndroidManifest.xml:0:0
	android:versionCode
		ADDED from AndroidManifest.xml:4:5
		INJECTED from AndroidManifest.xml:0:0
		INJECTED from AndroidManifest.xml:0:0
	xmlns:android
		ADDED from AndroidManifest.xml:2:11
application
ADDED from AndroidManifest.xml:7:5
MERGED from com.android.support:appcompat-v7:22.1.1:22:5
MERGED from com.android.support:support-v4:22.1.1:22:5
MERGED from com.android.support:recyclerview-v7:22.1.1:22:5
MERGED from com.android.support:support-v4:22.1.1:22:5
	android:label
		ADDED from AndroidManifest.xml:10:9
	android:allowBackup
		ADDED from AndroidManifest.xml:8:9
	android:icon
		ADDED from AndroidManifest.xml:9:9
	android:theme
		ADDED from AndroidManifest.xml:11:9
activity#com.coded2.nabuwatercoach.MainActivity
ADDED from AndroidManifest.xml:13:9
	android:screenOrientation
		ADDED from AndroidManifest.xml:14:13
	android:label
		ADDED from AndroidManifest.xml:16:13
	android:name
		ADDED from AndroidManifest.xml:15:13
activity#com.coded2.nabuwatercoach.SplashActivity
ADDED from AndroidManifest.xml:19:9
	android:screenOrientation
		ADDED from AndroidManifest.xml:20:13
	android:label
		ADDED from AndroidManifest.xml:21:13
	android:theme
		ADDED from AndroidManifest.xml:22:13
	android:name
		ADDED from AndroidManifest.xml:19:19
intent-filter#android.intent.action.MAIN+android.intent.category.LAUNCHER
ADDED from AndroidManifest.xml:24:13
action#android.intent.action.MAIN
ADDED from AndroidManifest.xml:25:17
	android:name
		ADDED from AndroidManifest.xml:25:25
category#android.intent.category.LAUNCHER
ADDED from AndroidManifest.xml:26:17
	android:name
		ADDED from AndroidManifest.xml:26:27
activity#org.acra.CrashReportDialog
ADDED from AndroidManifest.xml:30:9
	android:excludeFromRecents
		ADDED from AndroidManifest.xml:33:13
	android:launchMode
		ADDED from AndroidManifest.xml:32:13
	android:finishOnTaskLaunch
		ADDED from AndroidManifest.xml:34:13
	android:theme
		ADDED from AndroidManifest.xml:31:13
	android:name
		ADDED from AndroidManifest.xml:30:19
receiver#com.coded2.nabuwatercoach.StartUpReceiver
ADDED from AndroidManifest.xml:36:9
	android:enabled
		ADDED from AndroidManifest.xml:37:21
	android:label
		ADDED from AndroidManifest.xml:39:21
	android:exported
		ADDED from AndroidManifest.xml:38:21
	android:name
		ADDED from AndroidManifest.xml:36:21
intent-filter#android.intent.action.BOOT_COMPLETED
ADDED from AndroidManifest.xml:41:17
action#android.intent.action.BOOT_COMPLETED
ADDED from AndroidManifest.xml:42:21
	android:name
		ADDED from AndroidManifest.xml:42:29
receiver#com.coded2.nabuwatercoach.AlarmReceiver
ADDED from AndroidManifest.xml:45:9
	android:enabled
		ADDED from AndroidManifest.xml:46:19
	android:label
		ADDED from AndroidManifest.xml:48:19
	android:exported
		ADDED from AndroidManifest.xml:47:19
	android:name
		ADDED from AndroidManifest.xml:45:19
uses-permission#android.permission.INTERNET
ADDED from AndroidManifest.xml:51:5
	android:name
		ADDED from AndroidManifest.xml:51:22
uses-permission#android.permission.RECEIVE_BOOT_COMPLETED
ADDED from AndroidManifest.xml:52:5
	android:name
		ADDED from AndroidManifest.xml:52:22
uses-sdk
INJECTED from AndroidManifest.xml:0:0 reason: use-sdk injection requested
MERGED from com.android.support:appcompat-v7:22.1.1:20:5
MERGED from com.android.support:support-v4:22.1.1:20:5
MERGED from com.android.support:recyclerview-v7:22.1.1:20:5
MERGED from com.android.support:support-v4:22.1.1:20:5
	android:targetSdkVersion
		INJECTED from AndroidManifest.xml:0:0
		INJECTED from AndroidManifest.xml:0:0
	android:minSdkVersion
		INJECTED from AndroidManifest.xml:0:0
		INJECTED from AndroidManifest.xml:0:0
activity#android.support.v7.widget.TestActivity
ADDED from com.android.support:recyclerview-v7:22.1.1:23:9
	android:label
		ADDED from com.android.support:recyclerview-v7:22.1.1:25:13
	android:name
		ADDED from com.android.support:recyclerview-v7:22.1.1:24:13